Session  69806_1
Running on  sh01
Copying the source directory and data
Sun Apr 14 02:22:32 CEST 2024
Checking out the correct version of the code commit_id 760e1f9ed7dac43709aa03346498850dc98f364b
M	job.sbatch
D	logslurms/slurm-69802_1.err
D	logslurms/slurm-69802_1.out
D	logslurms/slurm-69803_1.err
D	logslurms/slurm-69803_1.out
D	logslurms/slurm-69804_1.err
D	logslurms/slurm-69804_1.out
Setting up the virtual environment
Processing /tmp/abdellaoui_sou-69806/code
  Installing build dependencies: started
  Installing build dependencies: finished with status 'done'
  Getting requirements to build wheel: started
  Getting requirements to build wheel: finished with status 'done'
    Preparing wheel metadata: started
    Preparing wheel metadata: finished with status 'done'
Collecting requests>=2.31.0
  Using cached requests-2.31.0-py3-none-any.whl (62 kB)
Collecting torchvision>=0.17.1
  Using cached torchvision-0.17.2-cp38-cp38-manylinux1_x86_64.whl (6.9 MB)
Collecting h5py>=3.9.0
  Using cached h5py-3.11.0-cp38-cp38-manylinux_2_17_x86_64.manylinux2014_x86_64.whl (5.3 MB)
Collecting blobfile>=2.0.2
  Using cached blobfile-2.1.1-py3-none-any.whl (73 kB)
Collecting torch>=2.2.1
  Using cached torch-2.2.2-cp38-cp38-manylinux1_x86_64.whl (755.5 MB)
Collecting wandb>=0.16.5
  Using cached wandb-0.16.6-py3-none-any.whl (2.2 MB)
Collecting imageio>=2.22.1
  Using cached imageio-2.34.0-py3-none-any.whl (313 kB)
Collecting numpy>=1.24.4
  Using cached numpy-1.24.4-cp38-cp38-manylinux_2_17_x86_64.manylinux2014_x86_64.whl (17.3 MB)
Collecting fastmri>=0.3.0
  Using cached fastmri-0.3.0-py3-none-any.whl (58 kB)
Collecting torchinfo>=1.8.0
  Using cached torchinfo-1.8.0-py3-none-any.whl (23 kB)
Collecting matplotlib>=3.7.0
  Using cached matplotlib-3.7.5-cp38-cp38-manylinux_2_12_x86_64.manylinux2010_x86_64.whl (9.2 MB)
Collecting PyYAML>=6.0
  Using cached PyYAML-6.0.1-cp38-cp38-manylinux_2_17_x86_64.manylinux2014_x86_64.whl (736 kB)
Collecting scipy>=1.10.1
  Using cached scipy-1.10.1-cp38-cp38-manylinux_2_17_x86_64.manylinux2014_x86_64.whl (34.5 MB)
Collecting Pillow>=10.0.0
  Using cached pillow-10.3.0-cp38-cp38-manylinux_2_17_x86_64.manylinux2014_x86_64.whl (4.4 MB)
Collecting accelerate>=0.28.0
  Using cached accelerate-0.29.2-py3-none-any.whl (297 kB)
Processing /usr/users/cei2023_2024_inserm_nir_irm/abdellaoui_sou/.cache/pip/wheels/56/8b/e8/e2ac5b75cacca356a2f270568f7ac5b6c77c6aa223bf8d2bca/mpi4py-3.1.5-cp38-cp38-linux_x86_64.whl
Collecting tqdm>=4.66.2
  Using cached tqdm-4.66.2-py3-none-any.whl (78 kB)
Collecting charset-normalizer<4,>=2
  Using cached charset_normalizer-3.3.2-cp38-cp38-manylinux_2_17_x86_64.manylinux2014_x86_64.whl (141 kB)
Collecting idna<4,>=2.5
  Using cached idna-3.7-py3-none-any.whl (66 kB)
Collecting certifi>=2017.4.17
  Using cached certifi-2024.2.2-py3-none-any.whl (163 kB)
Collecting urllib3<3,>=1.21.1
  Using cached urllib3-2.2.1-py3-none-any.whl (121 kB)
Collecting filelock~=3.0
  Using cached filelock-3.13.4-py3-none-any.whl (11 kB)
Collecting lxml~=4.9
  Using cached lxml-4.9.4-cp38-cp38-manylinux_2_17_x86_64.manylinux2014_x86_64.manylinux_2_24_x86_64.whl (7.1 MB)
Collecting pycryptodomex~=3.8
  Using cached pycryptodomex-3.20.0-cp35-abi3-manylinux_2_17_x86_64.manylinux2014_x86_64.whl (2.1 MB)
Collecting nvidia-cublas-cu12==12.1.3.1; platform_system == "Linux" and platform_machine == "x86_64"
  Using cached nvidia_cublas_cu12-12.1.3.1-py3-none-manylinux1_x86_64.whl (410.6 MB)
Collecting networkx
  Using cached networkx-3.1-py3-none-any.whl (2.1 MB)
Collecting fsspec
  Using cached fsspec-2024.3.1-py3-none-any.whl (171 kB)
Collecting triton==2.2.0; platform_system == "Linux" and platform_machine == "x86_64" and python_version < "3.12"
  Using cached triton-2.2.0-cp38-cp38-manylinux_2_17_x86_64.manylinux2014_x86_64.whl (167.9 MB)
Collecting typing-extensions>=4.8.0
  Using cached typing_extensions-4.11.0-py3-none-any.whl (34 kB)
Collecting nvidia-cusparse-cu12==12.1.0.106; platform_system == "Linux" and platform_machine == "x86_64"
  Using cached nvidia_cusparse_cu12-12.1.0.106-py3-none-manylinux1_x86_64.whl (196.0 MB)
Collecting nvidia-cuda-runtime-cu12==12.1.105; platform_system == "Linux" and platform_machine == "x86_64"
  Using cached nvidia_cuda_runtime_cu12-12.1.105-py3-none-manylinux1_x86_64.whl (823 kB)
Collecting nvidia-cuda-cupti-cu12==12.1.105; platform_system == "Linux" and platform_machine == "x86_64"
  Using cached nvidia_cuda_cupti_cu12-12.1.105-py3-none-manylinux1_x86_64.whl (14.1 MB)
Collecting jinja2
  Using cached Jinja2-3.1.3-py3-none-any.whl (133 kB)
Collecting nvidia-cudnn-cu12==8.9.2.26; platform_system == "Linux" and platform_machine == "x86_64"
  Using cached nvidia_cudnn_cu12-8.9.2.26-py3-none-manylinux1_x86_64.whl (731.7 MB)
