Note : basculement sur 'dd64fbeb52be7bee169cc1a37ba68821eeaba813'.

Vous êtes dans l'état « HEAD détachée ». Vous pouvez visiter, faire des modifications
expérimentales et les valider. Il vous suffit de faire un autre basculement pour
abandonner les commits que vous faites dans cet état sans impacter les autres branches

Si vous voulez créer une nouvelle branche pour conserver les commits que vous créez,
il vous suffit d'utiliser l'option -c de la commande switch comme ceci :

  git switch -c <nom-de-la-nouvelle-branche>

Ou annuler cette opération avec :

  git switch -

Désactivez ce conseil en renseignant la variable de configuration advice.detachedHead à false

HEAD est maintenant sur dd64fbe hopefully works
ERROR: Could not find a version that satisfies the requirement matplotlib>=3.8.4 (from project==0.0.1) (from versions: 0.86, 0.86.1, 0.86.2, 0.91.0, 0.91.1, 1.0.1, 1.1.0, 1.1.1, 1.2.0, 1.2.1, 1.3.0, 1.3.1, 1.4.0, 1.4.1rc1, 1.4.1, 1.4.2, 1.4.3, 1.5.0, 1.5.1, 1.5.2, 1.5.3, 2.0.0b1, 2.0.0b2, 2.0.0b3, 2.0.0b4, 2.0.0rc1, 2.0.0rc2, 2.0.0, 2.0.1, 2.0.2, 2.1.0rc1, 2.1.0, 2.1.1, 2.1.2, 2.2.0rc1, 2.2.0, 2.2.2, 2.2.3, 2.2.4, 2.2.5, 3.0.0rc2, 3.0.0, 3.0.1, 3.0.2, 3.0.3, 3.1.0rc1, 3.1.0rc2, 3.1.0, 3.1.1, 3.1.2, 3.1.3, 3.2.0rc1, 3.2.0rc3, 3.2.0, 3.2.1, 3.2.2, 3.3.0rc1, 3.3.0, 3.3.1, 3.3.2, 3.3.3, 3.3.4, 3.4.0rc1, 3.4.0rc2, 3.4.0rc3, 3.4.0, 3.4.1, 3.4.2, 3.4.3, 3.5.0b1, 3.5.0rc1, 3.5.0, 3.5.1, 3.5.2, 3.5.3, 3.6.0rc1, 3.6.0rc2, 3.6.0, 3.6.1, 3.6.2, 3.6.3, 3.7.0rc1, 3.7.0, 3.7.1, 3.7.2, 3.7.3, 3.7.4, 3.7.5)
ERROR: No matching distribution found for matplotlib>=3.8.4 (from project==0.0.1)
Traceback (most recent call last):
  File "/usr/lib/python3.8/runpy.py", line 194, in _run_module_as_main
    return _run_code(code, main_globals, None,
  File "/usr/lib/python3.8/runpy.py", line 87, in _run_code
    exec(code, run_globals)
  File "/tmp/abdellaoui_sou-69682/code/project/train.py", line 7, in <module>
    from project.utils import dist_util, logger
  File "/tmp/abdellaoui_sou-69682/code/project/utils/dist_util.py", line 85, in <module>
    import torch as th
ModuleNotFoundError: No module named 'torch'
