Session  69684_1
Running on  sh08
Copying the source directory and data
sam. 13 avril 2024 05:38:18 CEST
Checking out the correct version of the code commit_id 8077f88cad7b64ffc8d2e30a43579dba72fca14d
M	job.sbatch
D	logslurms/slurm-69676_1.err
D	logslurms/slurm-69676_1.out
D	logslurms/slurm-69678_1.err
D	logslurms/slurm-69678_1.out
D	logslurms/slurm-69679_1.err
D	logslurms/slurm-69679_1.out
D	logslurms/slurm-69680_1.err
D	logslurms/slurm-69680_1.out
D	logslurms/slurm-69681_1.err
D	logslurms/slurm-69681_1.out
D	logslurms/slurm-69682_1.err
D	logslurms/slurm-69682_1.out
D	logslurms/slurm-69683_1.err
D	logslurms/slurm-69683_1.out
Setting up the virtual environment
Processing /tmp/abdellaoui_sou-69684/code
  Installing build dependencies: started
  Installing build dependencies: finished with status 'done'
  Getting requirements to build wheel: started
  Getting requirements to build wheel: finished with status 'done'
    Preparing wheel metadata: started
    Preparing wheel metadata: finished with status 'done'
Collecting PyYAML>=6.0
  Using cached PyYAML-6.0.1-cp38-cp38-manylinux_2_17_x86_64.manylinux2014_x86_64.whl (736 kB)
Collecting torchinfo>=1.8.0
  Downloading torchinfo-1.8.0-py3-none-any.whl (23 kB)
Collecting imageio>=2.22.1
  Using cached imageio-2.34.0-py3-none-any.whl (313 kB)
Collecting fastmri>=0.3.0
  Using cached fastmri-0.3.0-py3-none-any.whl (58 kB)
Collecting numpy>=1.24.4
  Using cached numpy-1.24.4-cp38-cp38-manylinux_2_17_x86_64.manylinux2014_x86_64.whl (17.3 MB)
Collecting torchvision>=0.17.1
  Using cached torchvision-0.17.2-cp38-cp38-manylinux1_x86_64.whl (6.9 MB)
Collecting wandb>=0.16.5
  Using cached wandb-0.16.6-py3-none-any.whl (2.2 MB)
Collecting tqdm>=4.66.2
  Using cached tqdm-4.66.2-py3-none-any.whl (78 kB)
Collecting requests>=2.31.0
  Using cached requests-2.31.0-py3-none-any.whl (62 kB)
Collecting accelerate>=0.28.0
  Using cached accelerate-0.29.2-py3-none-any.whl (297 kB)
Training
/tmp/abdellaoui_sou-69684/code
