Session  69682_1
Running on  sh08
Copying the source directory and data
sam. 13 avril 2024 05:30:48 CEST
Checking out the correct version of the code commit_id dd64fbeb52be7bee169cc1a37ba68821eeaba813
M	job.sbatch
D	logslurms/slurm-69676_1.err
D	logslurms/slurm-69676_1.out
D	logslurms/slurm-69678_1.err
D	logslurms/slurm-69678_1.out
D	logslurms/slurm-69679_1.err
D	logslurms/slurm-69679_1.out
D	logslurms/slurm-69680_1.err
D	logslurms/slurm-69680_1.out
D	logslurms/slurm-69681_1.err
D	logslurms/slurm-69681_1.out
Setting up the virtual environment
Processing /tmp/abdellaoui_sou-69682/code
  Installing build dependencies: started
  Installing build dependencies: finished with status 'done'
  Getting requirements to build wheel: started
  Getting requirements to build wheel: finished with status 'done'
    Preparing wheel metadata: started
    Preparing wheel metadata: finished with status 'done'
Collecting wandb>=0.16.5
  Downloading wandb-0.16.6-py3-none-any.whl (2.2 MB)
Collecting numpy>=1.24.4
  Using cached numpy-1.24.4-cp38-cp38-manylinux_2_17_x86_64.manylinux2014_x86_64.whl (17.3 MB)
Collecting h5py>=3.9.0
  Using cached h5py-3.11.0-cp38-cp38-manylinux_2_17_x86_64.manylinux2014_x86_64.whl (5.3 MB)
Collecting accelerate>=0.28.0
  Downloading accelerate-0.29.2-py3-none-any.whl (297 kB)
Collecting Pillow>=10.0.0
  Using cached pillow-10.3.0-cp38-cp38-manylinux_2_17_x86_64.manylinux2014_x86_64.whl (4.4 MB)
Collecting PyYAML>=6.0
  Using cached PyYAML-6.0.1-cp38-cp38-manylinux_2_17_x86_64.manylinux2014_x86_64.whl (736 kB)
Training
/tmp/abdellaoui_sou-69682/code
