Note : basculement sur '553bf59a5a9e74c4d06ceefecdd75131d0c916f9'.

Vous êtes dans l'état « HEAD détachée ». Vous pouvez visiter, faire des modifications
expérimentales et les valider. Il vous suffit de faire un autre basculement pour
abandonner les commits que vous faites dans cet état sans impacter les autres branches

Si vous voulez créer une nouvelle branche pour conserver les commits que vous créez,
il vous suffit d'utiliser l'option -c de la commande switch comme ceci :

  git switch -c <nom-de-la-nouvelle-branche>

Ou annuler cette opération avec :

  git switch -

Désactivez ce conseil en renseignant la variable de configuration advice.detachedHead à false

HEAD est maintenant sur 553bf59 small modification
  ERROR: Command errored out with exit status 1:
   command: /tmp/abdellaoui_sou-69635/code/venv/bin/python /tmp/abdellaoui_sou-69635/tmp2z4d4vp5 get_requires_for_build_wheel /tmp/abdellaoui_sou-69635/tmphlp53dum
       cwd: /tmp/abdellaoui_sou-69635/pip-req-build-nxonm7b7
  Complete output (14 lines):
  error: Multiple top-level packages discovered in a flat-layout: ['figures', 'project'].
  
  To avoid accidental inclusion of unwanted files or directories,
  setuptools will not proceed with this build.
  
  If you are trying to create a single distribution with multiple packages
  on purpose, you should not rely on automatic discovery.
  Instead, consider the following options:
  
  1. set up custom discovery (`find` directive with `include` or `exclude`)
  2. use a `src-layout`
  3. explicitly set `py_modules` or `packages` with a list of names
  
  To find more information, look for "package discovery" on setuptools docs.
  ----------------------------------------
ERROR: Command errored out with exit status 1: /tmp/abdellaoui_sou-69635/code/venv/bin/python /tmp/abdellaoui_sou-69635/tmp2z4d4vp5 get_requires_for_build_wheel /tmp/abdellaoui_sou-69635/tmphlp53dum Check the logs for full command output.
/tmp/abdellaoui_sou-69635/code/venv/bin/python: Error while finding module specification for 'train.py' (ModuleNotFoundError: No module named 'train')
