Note : basculement sur '4fe4ee67daa6213f2ea08f6454626728aff0ffc8'.

Vous êtes dans l'état « HEAD détachée ». Vous pouvez visiter, faire des modifications
expérimentales et les valider. Il vous suffit de faire un autre basculement pour
abandonner les commits que vous faites dans cet état sans impacter les autres branches

Si vous voulez créer une nouvelle branche pour conserver les commits que vous créez,
il vous suffit d'utiliser l'option -c de la commande switch comme ceci :

  git switch -c <nom-de-la-nouvelle-branche>

Ou annuler cette opération avec :

  git switch -

Désactivez ce conseil en renseignant la variable de configuration advice.detachedHead à false

HEAD est maintenant sur 4fe4ee6 on verra
Traceback (most recent call last):
  File "/usr/lib/python3.8/runpy.py", line 194, in _run_module_as_main
    return _run_code(code, main_globals, None,
  File "/usr/lib/python3.8/runpy.py", line 87, in _run_code
    exec(code, run_globals)
  File "/tmp/abdellaoui_sou-69773/code/project/train.py", line 90, in <module>
    main()
  File "/tmp/abdellaoui_sou-69773/code/project/train.py", line 41, in main
    return data.shape
AttributeError: 'generator' object has no attribute 'shape'
