Session  69802_1
Running on  sh21
Copying the source directory and data
Sun Apr 14 02:19:30 CEST 2024
Checking out the correct version of the code commit_id 2e011de523366b360e33b2d4818be819a28cd3f0
M	job.sbatch
M	project/read_data.py
Setting up the virtual environment
Processing /tmp/abdellaoui_sou-69802/code
  Installing build dependencies: started
  Installing build dependencies: finished with status 'done'
  Getting requirements to build wheel: started
  Getting requirements to build wheel: finished with status 'done'
    Preparing wheel metadata: started
    Preparing wheel metadata: finished with status 'done'
Collecting h5py>=3.9.0
  Using cached h5py-3.11.0-cp38-cp38-manylinux_2_17_x86_64.manylinux2014_x86_64.whl (5.3 MB)
Collecting imageio>=2.22.1
  Using cached imageio-2.34.0-py3-none-any.whl (313 kB)
Collecting PyYAML>=6.0
  Using cached PyYAML-6.0.1-cp38-cp38-manylinux_2_17_x86_64.manylinux2014_x86_64.whl (736 kB)
Processing /usr/users/cei2023_2024_inserm_nir_irm/abdellaoui_sou/.cache/pip/wheels/56/8b/e8/e2ac5b75cacca356a2f270568f7ac5b6c77c6aa223bf8d2bca/mpi4py-3.1.5-cp38-cp38-linux_x86_64.whl
Collecting tqdm>=4.66.2
  Using cached tqdm-4.66.2-py3-none-any.whl (78 kB)
Collecting blobfile>=2.0.2
  Using cached blobfile-2.1.1-py3-none-any.whl (73 kB)
Collecting numpy>=1.24.4
  Using cached numpy-1.24.4-cp38-cp38-manylinux_2_17_x86_64.manylinux2014_x86_64.whl (17.3 MB)
Collecting accelerate>=0.28.0
  Using cached accelerate-0.29.2-py3-none-any.whl (297 kB)
Collecting matplotlib>=3.7.0
  Using cached matplotlib-3.7.5-cp38-cp38-manylinux_2_12_x86_64.manylinux2010_x86_64.whl (9.2 MB)
Collecting torchvision>=0.17.1
  Using cached torchvision-0.17.2-cp38-cp38-manylinux1_x86_64.whl (6.9 MB)
Collecting torch>=2.2.1
  Using cached torch-2.2.2-cp38-cp38-manylinux1_x86_64.whl (755.5 MB)
Collecting scipy>=1.10.1
  Using cached scipy-1.10.1-cp38-cp38-manylinux_2_17_x86_64.manylinux2014_x86_64.whl (34.5 MB)
Collecting torchinfo>=1.8.0
  Using cached torchinfo-1.8.0-py3-none-any.whl (23 kB)
Collecting fastmri>=0.3.0
  Using cached fastmri-0.3.0-py3-none-any.whl (58 kB)
Collecting requests>=2.31.0
  Using cached requests-2.31.0-py3-none-any.whl (62 kB)
Collecting wandb>=0.16.5
  Using cached wandb-0.16.6-py3-none-any.whl (2.2 MB)
Collecting Pillow>=10.0.0
  Using cached pillow-10.3.0-cp38-cp38-manylinux_2_17_x86_64.manylinux2014_x86_64.whl (4.4 MB)
Collecting lxml~=4.9
  Using cached lxml-4.9.4-cp38-cp38-manylinux_2_17_x86_64.manylinux2014_x86_64.manylinux_2_24_x86_64.whl (7.1 MB)
Collecting filelock~=3.0
  Using cached filelock-3.13.4-py3-none-any.whl (11 kB)
Collecting pycryptodomex~=3.8
  Using cached pycryptodomex-3.20.0-cp35-abi3-manylinux_2_17_x86_64.manylinux2014_x86_64.whl (2.1 MB)
Collecting urllib3<3,>=1.25.3
  Using cached urllib3-2.2.1-py3-none-any.whl (121 kB)
Collecting psutil
  Using cached psutil-5.9.8-cp36-abi3-manylinux_2_12_x86_64.manylinux2010_x86_64.manylinux_2_17_x86_64.manylinux2014_x86_64.whl (288 kB)
Collecting safetensors>=0.3.1
  Using cached safetensors-0.4.2-cp38-cp38-manylinux_2_17_x86_64.manylinux2014_x86_64.whl (1.3 MB)
Collecting huggingface-hub
  Using cached huggingface_hub-0.22.2-py3-none-any.whl (388 kB)
Collecting packaging>=20.0
  Using cached packaging-24.0-py3-none-any.whl (53 kB)
Collecting kiwisolver>=1.0.1
  Using cached kiwisolver-1.4.5-cp38-cp38-manylinux_2_5_x86_64.manylinux1_x86_64.whl (1.2 MB)
Collecting cycler>=0.10
  Using cached cycler-0.12.1-py3-none-any.whl (8.3 kB)
Collecting pyparsing>=2.3.1
  Using cached pyparsing-3.1.2-py3-none-any.whl (103 kB)
Collecting python-dateutil>=2.7
  Using cached python_dateutil-2.9.0.post0-py2.py3-none-any.whl (229 kB)
Collecting contourpy>=1.0.1
  Using cached contourpy-1.1.1-cp38-cp38-manylinux_2_17_x86_64.manylinux2014_x86_64.whl (301 kB)
Collecting fonttools>=4.22.0
  Using cached fonttools-4.51.0-cp38-cp38-manylinux_2_17_x86_64.manylinux2014_x86_64.whl (4.7 MB)
Collecting importlib-resources>=3.2.0; python_version < "3.10"
  Using cached importlib_resources-6.4.0-py3-none-any.whl (38 kB)
Collecting sympy
  Using cached sympy-1.12-py3-none-any.whl (5.7 MB)
Collecting nvidia-cudnn-cu12==8.9.2.26; platform_system == "Linux" and platform_machine == "x86_64"
  Using cached nvidia_cudnn_cu12-8.9.2.26-py3-none-manylinux1_x86_64.whl (731.7 MB)
Collecting nvidia-cublas-cu12==12.1.3.1; platform_system == "Linux" and platform_machine == "x86_64"
