Session  69683_1
Running on  sh08
Copying the source directory and data
sam. 13 avril 2024 05:36:38 CEST
Checking out the correct version of the code commit_id 3b70c10955fca5a4d2a044a91c6950984dc0e873
M	job.sbatch
D	logslurms/slurm-69676_1.err
D	logslurms/slurm-69676_1.out
D	logslurms/slurm-69678_1.err
D	logslurms/slurm-69678_1.out
D	logslurms/slurm-69679_1.err
D	logslurms/slurm-69679_1.out
D	logslurms/slurm-69680_1.err
D	logslurms/slurm-69680_1.out
D	logslurms/slurm-69681_1.err
D	logslurms/slurm-69681_1.out
D	logslurms/slurm-69682_1.err
D	logslurms/slurm-69682_1.out
Setting up the virtual environment
Processing /tmp/abdellaoui_sou-69683/code
  Installing build dependencies: started
  Installing build dependencies: finished with status 'done'
  Getting requirements to build wheel: started
  Getting requirements to build wheel: finished with status 'done'
    Preparing wheel metadata: started
    Preparing wheel metadata: finished with status 'done'
Collecting tqdm>=4.66.2
  Using cached tqdm-4.66.2-py3-none-any.whl (78 kB)
Collecting wandb>=0.16.5
  Using cached wandb-0.16.6-py3-none-any.whl (2.2 MB)
Collecting torch>=2.2.1
  Using cached torch-2.2.2-cp38-cp38-manylinux1_x86_64.whl (755.5 MB)
Training
/tmp/abdellaoui_sou-69683/code
